<?xml version="1.0" encoding="UTF-8" ?>
<testsuite failures="0" time="0.042" errors="2" skipped="1" tests="17" name="com.pioneer.RunTest">
  <properties>
    <property name="java.runtime.name" value="Java(TM) SE Runtime Environment"/>
    <property name="sun.boot.library.path" value="C:\Program Files\Java\jdk1.7.0_55\jre\bin"/>
    <property name="java.vm.version" value="24.55-b03"/>
    <property name="java.vm.vendor" value="Oracle Corporation"/>
    <property name="java.vendor.url" value="http://java.oracle.com/"/>
    <property name="path.separator" value=";"/>
    <property name="guice.disable.misplaced.annotation.check" value="true"/>
    <property name="java.vm.name" value="Java HotSpot(TM) 64-Bit Server VM"/>
    <property name="file.encoding.pkg" value="sun.io"/>
    <property name="user.script" value=""/>
    <property name="user.country" value="US"/>
    <property name="sun.java.launcher" value="SUN_STANDARD"/>
    <property name="sun.os.patch.level" value=""/>
    <property name="java.vm.specification.name" value="Java Virtual Machine Specification"/>
    <property name="user.dir" value="D:\Project\workspace\cucumber-example"/>
    <property name="java.runtime.version" value="1.7.0_55-b13"/>
    <property name="java.awt.graphicsenv" value="sun.awt.Win32GraphicsEnvironment"/>
    <property name="java.endorsed.dirs" value="C:\Program Files\Java\jdk1.7.0_55\jre\lib\endorsed"/>
    <property name="os.arch" value="amd64"/>
    <property name="java.io.tmpdir" value="C:\Users\Tushar\AppData\Local\Temp\"/>
    <property name="line.separator" value="
"/>
    <property name="java.vm.specification.vendor" value="Oracle Corporation"/>
    <property name="user.variant" value=""/>
    <property name="os.name" value="Windows 8.1"/>
    <property name="classworlds.conf" value="D:\Softwares\apache-maven-3.2.1\bin\..\bin\m2.conf"/>
    <property name="sun.jnu.encoding" value="Cp1252"/>
    <property name="java.library.path" value="C:\Program Files\Java\jdk1.7.0_55\bin;C:\Windows\Sun\Java\bin;C:\Windows\system32;C:\Windows;C:\Program Files (x86)\NVIDIA Corporation\PhysX\Common;C:\Program Files (x86)\Intel\iCLS Client\;C:\Program Files\Intel\iCLS Client\;C:\Windows\system32;C:\Windows;C:\Windows\System32\Wbem;C:\Windows\System32\WindowsPowerShell\v1.0\;C:\Program Files\Intel\WiFi\bin\;C:\Program Files\Common Files\Intel\WirelessCommon\;C:\Program Files (x86)\Windows Live\Shared;C:\Program Files\Intel\Intel(R) Management Engine Components\DAL;C:\Program Files\Intel\Intel(R) Management Engine Components\IPT;C:\Program Files (x86)\Intel\Intel(R) Management Engine Components\DAL;C:\Program Files (x86)\Intel\Intel(R) Management Engine Components\IPT;C:\opscode\chef\bin;C:\opscode\chef\embedded\bin;C:\Program Files\TortoiseGit\bin;D:\Softwares\grails-2.3.7\bin;D:\Softwares\gradle-1.12\bin;%GROOVY_HOME%\bin;C:\Program Files\Java\jdk1.7.0_55\bin;C:\Program Files (x86)\Git\bin;.;C:\Program Files (x86)\MySQL\MySQL Utilities 1.3.6\;C:\Program Files\MySQL\MySQL Server 5.6\bin;C:\Program Files (x86)\Apache Software Foundation\CouchDB\bin;D:\Softwares\apache-maven-3.2.1\bin;."/>
    <property name="java.specification.name" value="Java Platform API Specification"/>
    <property name="java.class.version" value="51.0"/>
    <property name="sun.management.compiler" value="HotSpot 64-Bit Tiered Compilers"/>
    <property name="os.version" value="6.3"/>
    <property name="user.home" value="C:\Users\Tushar"/>
    <property name="user.timezone" value="Asia/Calcutta"/>
    <property name="java.awt.printerjob" value="sun.awt.windows.WPrinterJob"/>
    <property name="java.specification.version" value="1.7"/>
    <property name="file.encoding" value="Cp1252"/>
    <property name="user.name" value="Tushar"/>
    <property name="java.class.path" value="D:\Softwares\apache-maven-3.2.1\bin\..\boot\plexus-classworlds-2.5.1.jar"/>
    <property name="org.slf4j.simpleLogger.defaultLogLevel" value="info"/>
    <property name="java.vm.specification.version" value="1.7"/>
    <property name="sun.arch.data.model" value="64"/>
    <property name="java.home" value="C:\Program Files\Java\jdk1.7.0_55\jre"/>
    <property name="sun.java.command" value="org.codehaus.plexus.classworlds.launcher.Launcher clean test"/>
    <property name="java.specification.vendor" value="Oracle Corporation"/>
    <property name="user.language" value="en"/>
    <property name="awt.toolkit" value="sun.awt.windows.WToolkit"/>
    <property name="java.vm.info" value="mixed mode"/>
    <property name="java.version" value="1.7.0_55"/>
    <property name="java.ext.dirs" value="C:\Program Files\Java\jdk1.7.0_55\jre\lib\ext;C:\Windows\Sun\Java\lib\ext"/>
    <property name="sun.boot.class.path" value="C:\Program Files\Java\jdk1.7.0_55\jre\lib\resources.jar;C:\Program Files\Java\jdk1.7.0_55\jre\lib\rt.jar;C:\Program Files\Java\jdk1.7.0_55\jre\lib\sunrsasign.jar;C:\Program Files\Java\jdk1.7.0_55\jre\lib\jsse.jar;C:\Program Files\Java\jdk1.7.0_55\jre\lib\jce.jar;C:\Program Files\Java\jdk1.7.0_55\jre\lib\charsets.jar;C:\Program Files\Java\jdk1.7.0_55\jre\lib\jfr.jar;C:\Program Files\Java\jdk1.7.0_55\jre\classes"/>
    <property name="java.vendor" value="Oracle Corporation"/>
    <property name="maven.home" value="D:\Softwares\apache-maven-3.2.1\bin\.."/>
    <property name="file.separator" value="\"/>
    <property name="java.vendor.url.bug" value="http://bugreport.sun.com/bugreport/"/>
    <property name="sun.cpu.endian" value="little"/>
    <property name="sun.io.unicode.encoding" value="UnicodeLittle"/>
    <property name="sun.desktop" value="windows"/>
    <property name="sun.cpu.isalist" value="amd64"/>
  </properties>
  <testcase time="0.003" classname="Scenario: create a new Creative" name="Given user has a valid session with following details"/>
  <testcase time="0" classname="Scenario: create a new Creative" name="Given user is on creative search page"/>
  <testcase time="0" classname="Scenario: create a new Creative" name="Then user gets an option to create a new creative"/>
  <testcase time="0" classname="Scenario: create a new Creative" name="When user clicks on new creative"/>
  <testcase time="0" classname="Scenario: create a new Creative" name="When user enters following data in the fields"/>
  <testcase time="0" classname="Scenario: create a new Creative" name="When user save the data"/>
  <testcase time="0" classname="Scenario: create a new Creative" name="Then user gets a success message"/>
  <testcase time="0" classname="Scenario: create a new Creative" name="Then user closes the browser"/>
  <testcase time="0.001" classname="Scenario: create a new Creative" name="Scenario: create a new Creative"/>
  <testcase time="0" classname="Scenario: create a new Creative - Mandatory fields Error message" name="Given user has a valid session with following details"/>
  <testcase time="0" classname="Scenario: create a new Creative - Mandatory fields Error message" name="Given user is on creative search page"/>
  <testcase time="0" classname="Scenario: create a new Creative - Mandatory fields Error message" name="Then user gets an option to create a new creative"/>
  <testcase time="0" classname="Scenario: create a new Creative - Mandatory fields Error message" name="When user clicks on new creative"/>
  <testcase time="0" classname="Scenario: create a new Creative - Mandatory fields Error message" name="When user save the data"/>
  <testcase time="0.012" classname="Scenario: create a new Creative - Mandatory fields Error message" name="Then user gets error messages for mandatory fields">
    <error type="java.lang.NullPointerException">java.lang.NullPointerException
	at com.pioneer.PioneerDemoSeleniumSteps.verifyErrorMessages(PioneerDemoSeleniumSteps.java:111)
	at com.pioneer.PioneerDemoSteps.userGetsErrorMessagesForMandatoryFields(PioneerDemoSteps.java:61)
	at ✽.Then user gets error messages for mandatory fields(com/pioneer/Poineer_demo.feature:35)
</error>
  </testcase>
  <testcase time="0.013" classname="Scenario: create a new Creative - Mandatory fields Error message" name="Scenario: create a new Creative - Mandatory fields Error message">
    <error type="java.lang.NullPointerException">java.lang.NullPointerException
	at com.pioneer.PioneerDemoSeleniumSteps.verifyErrorMessages(PioneerDemoSeleniumSteps.java:111)
	at com.pioneer.PioneerDemoSteps.userGetsErrorMessagesForMandatoryFields(PioneerDemoSteps.java:61)
	at ✽.Then user gets error messages for mandatory fields(com/pioneer/Poineer_demo.feature:35)
</error>
  </testcase>
  <testcase time="0.013" classname="Scenario: create a new Creative - Mandatory fields Error message" name="Then user closes the browser">
    <skipped/>
  </testcase>
</testsuite>